<?xml version="1.0" encoding="UTF-8"?>
<testng-results ignored="0" total="1" passed="1" failed="0" skipped="0">
  <reporter-output>
  </reporter-output>
  <suite started-at="2023-01-22T07:48:15Z" name="Surefire suite" finished-at="2023-01-22T07:48:15Z" duration-ms="51">
    <groups>
    </groups>
    <test started-at="2023-01-22T07:48:15Z" name="Surefire test" finished-at="2023-01-22T07:48:15Z" duration-ms="51">
      <class name="com.HarinderKaur.AssignmentWeek16.AppTest">
        <test-method signature="shouldAnswerWithTrue()" started-at="2023-01-22T07:48:15Z" name="shouldAnswerWithTrue" finished-at="2023-01-22T07:48:15Z" duration-ms="7" status="PASS">
          <reporter-output>
          </reporter-output>
        </test-method> <!-- shouldAnswerWithTrue -->
      </class> <!-- com.HarinderKaur.AssignmentWeek16.AppTest -->
    </test> <!-- Surefire test -->
  </suite> <!-- Surefire suite -->
</testng-results>
