<?xml version="1.0" encoding="UTF-8"?>
<testng-results ignored="0" total="1" passed="1" failed="0" skipped="0">
  <reporter-output>
  </reporter-output>
  <suite started-at="2022-12-22T03:03:09Z" name="Default suite" finished-at="2022-12-22T03:03:37Z" duration-ms="28432">
    <groups>
    </groups>
    <test started-at="2022-12-22T03:03:09Z" name="Default test" finished-at="2022-12-22T03:03:37Z" duration-ms="28432">
      <class name="com.HarinderKaur.AssignmentWeek16.MultipleTabs">
        <test-method is-config="true" signature="setUp()[pri:0, instance:com.HarinderKaur.AssignmentWeek16.MultipleTabs@401f7633]" started-at="2022-12-22T03:03:09Z" name="setUp" finished-at="2022-12-22T03:03:12Z" duration-ms="2837" status="PASS">
          <reporter-output>
          </reporter-output>
        </test-method> <!-- setUp -->
        <test-method signature="validateMultipleTabs()[pri:0, instance:com.HarinderKaur.AssignmentWeek16.MultipleTabs@401f7633]" started-at="2022-12-22T03:03:12Z" name="validateMultipleTabs" finished-at="2022-12-22T03:03:37Z" duration-ms="25187" status="PASS">
          <reporter-output>
          </reporter-output>
        </test-method> <!-- validateMultipleTabs -->
        <test-method is-config="true" signature="tearDown()[pri:0, instance:com.HarinderKaur.AssignmentWeek16.MultipleTabs@401f7633]" started-at="2022-12-22T03:03:37Z" name="tearDown" finished-at="2022-12-22T03:03:37Z" duration-ms="386" status="PASS">
          <reporter-output>
          </reporter-output>
        </test-method> <!-- tearDown -->
      </class> <!-- com.HarinderKaur.AssignmentWeek16.MultipleTabs -->
    </test> <!-- Default test -->
  </suite> <!-- Default suite -->
</testng-results>
