<?xml version="1.0" encoding="UTF-8"?>
<testng-results ignored="0" total="1" passed="1" failed="0" skipped="0">
  <reporter-output>
  </reporter-output>
  <suite started-at="2022-12-21T23:12:14Z" name="Default suite" finished-at="2022-12-21T23:12:32Z" duration-ms="18299">
    <groups>
    </groups>
    <test started-at="2022-12-21T23:12:14Z" name="Default test" finished-at="2022-12-21T23:12:32Z" duration-ms="18299">
      <class name="com.HarinderKaur.AssignmentWeek16.ValidateWebPages">
        <test-method is-config="true" signature="setUp()[pri:0, instance:com.HarinderKaur.AssignmentWeek16.ValidateWebPages@401f7633]" started-at="2022-12-21T23:12:14Z" name="setUp" finished-at="2022-12-21T23:12:17Z" duration-ms="3298" status="PASS">
          <reporter-output>
          </reporter-output>
        </test-method> <!-- setUp -->
        <test-method signature="validateWebPages()[pri:0, instance:com.HarinderKaur.AssignmentWeek16.ValidateWebPages@401f7633]" started-at="2022-12-21T23:12:17Z" name="validateWebPages" finished-at="2022-12-21T23:12:32Z" duration-ms="14493" status="PASS">
          <reporter-output>
          </reporter-output>
        </test-method> <!-- validateWebPages -->
        <test-method is-config="true" signature="tearDown()[pri:0, instance:com.HarinderKaur.AssignmentWeek16.ValidateWebPages@401f7633]" started-at="2022-12-21T23:12:32Z" name="tearDown" finished-at="2022-12-21T23:12:32Z" duration-ms="479" status="PASS">
          <reporter-output>
          </reporter-output>
        </test-method> <!-- tearDown -->
      </class> <!-- com.HarinderKaur.AssignmentWeek16.ValidateWebPages -->
    </test> <!-- Default test -->
  </suite> <!-- Default suite -->
</testng-results>
